<?xml version="1.0" encoding="UTF-8"?>
<!-- Generated by org.testng.reporters.JUnitReportReporter -->
<testsuite hostname="DESKTOP-ERV7GQ7" failures="0" tests="3" name="searchproducttest.SearchProduct" time="9.710" errors="0" timestamp="2022-07-01T16:17:08 IST" skipped="0">
  <testcase classname="searchproducttest.SearchProduct" name="landingPage" time="6.094"/>
  <system-out/>
  <testcase classname="searchproducttest.SearchProduct" name="productSearch" time="2.012"/>
  <system-out/>
  <testcase classname="searchproducttest.SearchProduct" name="sortProduct" time="1.604"/>
  <system-out/>
</testsuite> <!-- searchproducttest.SearchProduct -->
