<?xml version="1.0" encoding="UTF-8"?>
<!-- Generated by org.testng.reporters.JUnitReportReporter -->
<testsuite hostname="DESKTOP-ERV7GQ7" failures="0" tests="3" name="facebookTest.SearchProduct" time="11.204" errors="0" timestamp="2022-07-01T13:42:16 IST" skipped="0">
  <testcase classname="facebookTest.SearchProduct" name="productSearch" time="2.201"/>
  <system-out/>
  <testcase classname="facebookTest.SearchProduct" name="sortPRoduct" time="2.244"/>
  <system-out/>
  <testcase classname="facebookTest.SearchProduct" name="landingPage" time="6.759"/>
  <system-out/>
</testsuite> <!-- facebookTest.SearchProduct -->
